openai retro 03
16-Aug-2023

github.com/openai
https://github.com/openai/retro


IMPORTANT - openai retro build emulator
OpenAI game integration tool - part 1
https://www.youtube.com/watch?v=lPYWaUAq_dY

IMPORTANT
he got the info to Install Retro UI from source on Linux from here
https://retro.readthedocs.io/en/latest/developing.html#install-retro-ui-from-source

NB: this was in those docs but not in the video
zlib1g-dev

Launch terminal
//sudo apt-get update
//sudo apt-get install capnproto
//sudo apt-get install libcapnp-dev
//sudo apt-get install libqt5opengl5-dev
//sudo apt-get install qtbase5-dev
//sudo apt-get autoremove

//cd /home/stevepro/GitHubX/openai
//git clone https://github.com/openai/retro.git
//cd retro
//cmake . -DBUILD_UI=ON -UPYLIB_DIRECTORY
//Build files have been written to: /home/stevepro/GitHubX/openai/retro
//make -j$(grep -c ^processor /proc/cpuinfo)
//./gym-retro-integration



Introduction and Setup - EP1 - Open-AI and NEAT Tutorial
https://www.youtube.com/watch?v=CFa6NhLgeL0&list=PLTWFMbPFsvz3CeozHfeuJIXWAJMkPtAdS&index=3

IMPORTANT
all the data + state info is stored here
https://github.com/openai/retro/tree/master/retro/data
e.g.
https://github.com/openai/retro/tree/master/retro/data/stable

https://github.com/openai/retro/tree/master/retro/data/stable/SonicTheHedgehog-Genesis

/home/stevepro/GitHubX/openai/retro/retro/data/stable/SonicTheHedgehog-Genesis
GreenHillZone.Act1

cd /home/stevepro/GitHubX/openai/retro/retro
python examples/random_agent.py SonicTheHedgehog-Genesis GreenHillZone.Act1

rom
SonicTheHedgehog-Genesis
/home/stevepro/Steven/INSTALLATIONSEGA/roms



python examples/random_agent.py SonicTheHedgehog-Genesis GreenHillZone.Act1
ModuleNotFoundError: No module named 'retro'


cd /home/stevepro/GitHubX/openai/retro/retro
pip3 install gym-retro
python examples/random_agent.py SonicTheHedgehog-Genesis GreenHillZone.Act1
random_agent.py: error: unrecognized arguments: SonicTheHedgehog-Genesis GreenHillZone.Act1

python examples/random_agent.py --game SonicTheHedgehog-Genesis --state GreenHillZone.Act1

Traceback (most recent call last):
  File "/home/stevepro/.local/lib/python3.8/site-packages/retro/__init__.py", line 49, in make
    retro.data.get_romfile_path(game, inttype)
  File "/home/stevepro/.local/lib/python3.8/site-packages/retro/data/__init__.py", line 288, in get_romfile_path
    raise FileNotFoundError("No romfiles found for game: %s" % game)
FileNotFoundError: No romfiles found for game: SonicTheHedgehog-Genesis

During handling of the above exception, another exception occurred:

Traceback (most recent call last):
  File "examples/random_agent.py", line 16, in <module>
    env = retro.make(args.game, args.state or retro.State.DEFAULT, scenario=args.scenario, record=args.record, players=args.players, obs_type=obs_type)
  File "/home/stevepro/.local/lib/python3.8/site-packages/retro/__init__.py", line 54, in make
    raise FileNotFoundError('Game not found: %s. Did you make sure to import the ROM?' % game)
FileNotFoundError: Game not found: SonicTheHedgehog-Genesis. Did you make sure to import the ROM?


get_romfile_path



IMPORTANT
there are tests that can be run directly in PyCharm using pytest
can't remember exactly what I did but...

Launch PyCharm
open test_integration.py
set breakpoint
def test_def():
Debug

Install pytest fromf PyCharm packages as necc.


search for
retro.data.get_romfile_path(game, inttype)


maybe try this
Airstriker-Genesis
/home/stevepro/GitHubX/openai/retro/retro/data/stable

cd /home/stevepro/GitHubX/openai/retro/retro
python examples/random_agent.py --game Airstriker-Genesis --state Level1

ERROR #1
AttributeError: module 'gym.utils.seeding' has no attribute 'hash_seed'
https://stackoverflow.com/questions/73710249/openai-gym-retro-error-attributeerror-module-gym-utils-seeding-has-no-attri
 pip uninstall -y gym
pip install gym==0.25.2


ERROR #2
from gym.envs.classic_control.rendering import SimpleImageViewer
ModuleNotFoundError: No module named 'gym.envs.classic_control.rendering'

https://www.reddit.com/r/reinforcementlearning/comments/uklf29/no_module_named_gymenvsclassic_controlrendering
pip uninstall -y gym
pip install gym==0.21.0

pip3 install setuptools==65.5.0
RE-run but only got small blank blue screen


NEW
ERROR: No matching distribution found for gym==0.21.0

https://github.com/openai/gym/issues/3176
pip3 install setuptools==65.5.0


https://github.com/openai/gym/issues/3200


3.4.0.14


pip install setuptools==65.5.0
pip install wheel==0.38.4
pip install gym==0.21.0



Collecting gym==0.21.0
  Using cached gym-0.21.0-py3-none-any.whl

WARNING: Ignoring version 0.21.0 of gym since it has invalid metadata:
Requested gym==0.21.0 from file:///home/stevepro/.cache/pip/wheels/27/6d/b3/a3a6e10704795c9b9000f1ab2dc480dfe7bed42f5972806e73/gym-0.21.0-py3-none-any.whl has invalid metadata: Expected matching RIGHT_PARENTHESIS for LEFT_PARENTHESIS, after version specifier
    opencv-python (>=3.) ; extra == 'all'
                  ~~~~^
Please use pip<24.1 if you need to use this version.
ERROR: Could not find a version that satisfies the requirement gym==0.21.0 (from versions: 0.0.2, 0.0.3, 0.0.4, 0.0.5, 0.0.6, 0.0.7, 0.1.0, 0.1.1, 0.1.2, 0.1.3, 0.1.4, 0.1.5, 0.1.6, 0.1.7, 0.2.0, 0.2.1, 0.2.2, 0.2.3, 0.2.4, 0.2.5, 0.2.6, 0.2.7, 0.2.8, 0.2.9, 0.2.10, 0.2.11, 0.2.12, 0.3.0, 0.4.0, 0.4.1, 0.4.2, 0.4.3, 0.4.4, 0.4.5, 0.4.6, 0.4.8, 0.4.9, 0.4.10, 0.5.0, 0.5.1, 0.5.2, 0.5.3, 0.5.4, 0.5.5, 0.5.6, 0.5.7, 0.6.0, 0.7.0, 0.7.1, 0.7.2, 0.7.3, 0.7.4, 0.8.0.dev0, 0.8.0, 0.8.1, 0.8.2, 0.9.0, 0.9.1, 0.9.2, 0.9.3, 0.9.4, 0.9.5, 0.9.6, 0.9.7, 0.10.0, 0.10.1, 0.10.2, 0.10.3, 0.10.4, 0.10.5, 0.10.8, 0.10.9, 0.10.11, 0.11.0, 0.12.0, 0.12.1, 0.12.4, 0.12.5, 0.12.6, 0.13.0, 0.13.1, 0.14.0, 0.15.3, 0.15.4, 0.15.6, 0.15.7, 0.16.0, 0.17.0, 0.17.1, 0.17.2, 0.17.3, 0.18.0, 0.18.3, 0.19.0, 0.20.0, 0.21.0, 0.22.0, 0.23.0, 0.23.1, 0.24.0, 0.24.1, 0.25.0, 0.25.1, 0.25.2, 0.26.0, 0.26.1, 0.26.2)
ERROR: No matc distribution found for gym==0.21.0



pip install pip==24.1
pip install opencv-python>=3


This seemed to work for install gym 0.21.0
https://github.com/openai/gym/issues/3202


pip install git+https://github.com/openai/gym.git@9180d12e1b66e7e2a1a622614f787a6ec147ac40



Migration guide
https://gymnasium.farama.org/content/migration-guide

Gymnasium is a fork of OpenAI Gym v26, which introduced a large breaking change from Gym v21.


Should I try this
https://github.com/Farama-Foundation/stable-retro



/home/stevepro/GitHubX/Farama-Foundation/stable-retro/.venv
/home/stevepro/GitHubX/Farama-Foundation/stable-retro/setup.py

stevenb.py
updated the code a bit

openai_retor02.txt

cd stable-retro/
cmake . -DBUILD_UI=ON -UPVLIB_DIRECTORY

